[ERR!] cwd  : /Users/ephoton/workspace/github/client-flag
[ERR!] os   : Darwin 15.0.0
[ERR!] argv : "node" "/usr/local/bin/tsd" "--version"
[ERR!] node : v0.12.7
[ERR!] tsd  : 0.6.5
[ERR!] Error: Cannot find module 'http-signature'
[ERR!] CODE : MODULE_NOT_FOUND
[ERR!] Cannot find module 'http-signature'
[ERR!] If you need help, you may report this error at:
    https://github.com/DefinitelyTyped/tsd/issues

[ERR!] 
Error: Cannot find module 'http-signature'
    at Function.Module._resolveFilename (module.js:336:15)
    at Function.Module._load (module.js:278:25)
    at Module.require (module.js:365:17)
    at require (module.js:384:17)
    at Object.<anonymous> (/usr/local/lib/node_modules/tsd/node_modules/request/request.js:12:21)
    at Module._compile (module.js:460:26)
    at Object.Module._extensions..js (module.js:478:10)
    at Module.load (module.js:355:32)
    at Function.Module._load (module.js:310:12)
    at Module.require (module.js:365:17)

[ERR!] tsd.json: {"version":"v4","repo":"borisyankov/DefinitelyTyped","ref":"master","path":"typings","bundle":"typings/tsd.d.ts","installed":{"node/node.d.ts":{"commit":"421d6610bdb09e1015b71f5991d7a68d079eca21"},"mocha/mocha.d.ts":{"commit":"421d6610bdb09e1015b71f5991d7a68d079eca21"}}}

[ERR!] .tsdrc could not be retrieved

[ERR!] Please include the following file with any support request:
    /Users/ephoton/workspace/github/client-flag/tsd-debug.log

